[    0.000000] Linux version 4.15.0-212-generic (buildd@lcy02-amd64-083) (gcc version 7.5.0 (Ubuntu 7.5.0-3ubuntu1~18.04)) #223-Ubuntu SMP Tue May 23 13:09:22 UTC 2023 (Ubuntu 4.15.0-212.223-generic 4.15.18)
[    0.000000] Command line: BOOT_IMAGE=/boot/vmlinuz-4.15.0-212-generic root=LABEL=cloudimg-rootfs ro console=tty1 console=ttyS0
[    0.000000] KERNEL supported cpus:
[    0.000000]   Intel GenuineIntel
[    0.000000]   AMD AuthenticAMD
[    0.000000]   Centaur CentaurHauls
[    0.000000] x86/fpu: Supporting XSAVE feature 0x001: 'x87 floating point registers'
[    0.000000] x86/fpu: Supporting XSAVE feature 0x002: 'SSE registers'
[    0.000000] x86/fpu: Supporting XSAVE feature 0x004: 'AVX registers'
[    0.000000] x86/fpu: xstate_offset[2]:  576, xstate_sizes[2]:  256
[    0.000000] x86/fpu: Enabled xstate features 0x7, context size is 832 bytes, using 'standard' format.
[    0.000000] e820: BIOS-provided physical RAM map:
[    0.000000] BIOS-e820: [mem 0x0000000000000000-0x000000000009fbff] usable
[    0.000000] BIOS-e820: [mem 0x000000000009fc00-0x000000000009ffff] reserved
[    0.000000] BIOS-e820: [mem 0x00000000000f0000-0x00000000000fffff] reserved
[    0.000000] BIOS-e820: [mem 0x0000000000100000-0x000000003ffeffff] usable
[    0.000000] BIOS-e820: [mem 0x000000003fff0000-0x000000003fffffff] ACPI data
[    0.000000] BIOS-e820: [mem 0x00000000fec00000-0x00000000fec00fff] reserved
[    0.000000] BIOS-e820: [mem 0x00000000fee00000-0x00000000fee00fff] reserved
[    0.000000] BIOS-e820: [mem 0x00000000fffc0000-0x00000000ffffffff] reserved
[    0.000000] NX (Execute Disable) protection: active
[    0.000000] SMBIOS 2.5 present.
[    0.000000] DMI: innotek GmbH VirtualBox/VirtualBox, BIOS VirtualBox 12/01/2006
[    0.000000] Hypervisor detected: KVM
[    0.000000] e820: last_pfn = 0x3fff0 max_arch_pfn = 0x400000000
[    0.000000] MTRR: Disabled
[    0.000000] x86/PAT: MTRRs disabled, skipping PAT initialization too.
[    0.000000] CPU MTRRs all blank - virtualized system.
[    0.000000] x86/PAT: Configuration [0-7]: WB  WT  UC- UC  WB  WT  UC- UC  
[    0.000000] found SMP MP-table at [mem 0x0009fff0-0x0009ffff]
[    0.000000] Scanning 1 areas for low memory corruption
[    0.000000] RAMDISK: [mem 0x359cb000-0x36cdcfff]
[    0.000000] ACPI: Early table checksum verification disabled
[    0.000000] ACPI: RSDP 0x00000000000E0000 000024 (v02 VBOX  )
[    0.000000] ACPI: XSDT 0x000000003FFF0030 00003C (v01 VBOX   VBOXXSDT 00000001 ASL  00000061)
[    0.000000] ACPI: FACP 0x000000003FFF00F0 0000F4 (v04 VBOX   VBOXFACP 00000001 ASL  00000061)
[    0.000000] ACPI: DSDT 0x000000003FFF0610 002353 (v02 VBOX   VBOXBIOS 00000002 INTL 20200925)
[    0.000000] ACPI: FACS 0x000000003FFF0200 000040
[    0.000000] ACPI: FACS 0x000000003FFF0200 000040
[    0.000000] ACPI: APIC 0x000000003FFF0240 000054 (v02 VBOX   VBOXAPIC 00000001 ASL  00000061)
[    0.000000] ACPI: SSDT 0x000000003FFF02A0 00036C (v01 VBOX   VBOXCPUT 00000002 INTL 20200925)
[    0.000000] ACPI: Reserving FACP table memory at [mem 0x3fff00f0-0x3fff01e3]
[    0.000000] ACPI: Reserving DSDT table memory at [mem 0x3fff0610-0x3fff2962]
[    0.000000] ACPI: Reserving FACS table memory at [mem 0x3fff0200-0x3fff023f]
[    0.000000] ACPI: Reserving FACS table memory at [mem 0x3fff0200-0x3fff023f]
[    0.000000] ACPI: Reserving APIC table memory at [mem 0x3fff0240-0x3fff0293]
[    0.000000] ACPI: Reserving SSDT table memory at [mem 0x3fff02a0-0x3fff060b]
[    0.000000] No NUMA configuration found
[    0.000000] Faking a node at [mem 0x0000000000000000-0x000000003ffeffff]
[    0.000000] NODE_DATA(0) allocated [mem 0x3ffc5000-0x3ffeffff]
[    0.000000] kvm-clock: cpu 0, msr 0:3ff44001, primary cpu clock
[    0.000000] kvm-clock: Using msrs 4b564d01 and 4b564d00
[    0.000000] kvm-clock: using sched offset of 4401045880 cycles
[    0.000000] clocksource: kvm-clock: mask: 0xffffffffffffffff max_cycles: 0x1cd42e4dffb, max_idle_ns: 881590591483 ns
[    0.000000] Zone ranges:
[    0.000000]   DMA      [mem 0x0000000000001000-0x0000000000ffffff]
[    0.000000]   DMA32    [mem 0x0000000001000000-0x000000003ffeffff]
[    0.000000]   Normal   empty
[    0.000000]   Device   empty
[    0.000000] Movable zone start for each node
[    0.000000] Early memory node ranges
[    0.000000]   node   0: [mem 0x0000000000001000-0x000000000009efff]
[    0.000000]   node   0: [mem 0x0000000000100000-0x000000003ffeffff]
[    0.000000] Reserved but unavailable: 104 pages
[    0.000000] Initmem setup node 0 [mem 0x0000000000001000-0x000000003ffeffff]
[    0.000000] ACPI: PM-Timer IO Port: 0x4008
[    0.000000] IOAPIC[0]: apic_id 1, version 32, address 0xfec00000, GSI 0-23
[    0.000000] ACPI: INT_SRC_OVR (bus 0 bus_irq 0 global_irq 2 dfl dfl)
[    0.000000] ACPI: INT_SRC_OVR (bus 0 bus_irq 9 global_irq 9 low level)
[    0.000000] Using ACPI (MADT) for SMP configuration information
[    0.000000] smpboot: Allowing 1 CPUs, 0 hotplug CPUs
[    0.000000] PM: Registered nosave memory: [mem 0x00000000-0x00000fff]
[    0.000000] PM: Registered nosave memory: [mem 0x0009f000-0x0009ffff]
[    0.000000] PM: Registered nosave memory: [mem 0x000a0000-0x000effff]
[    0.000000] PM: Registered nosave memory: [mem 0x000f0000-0x000fffff]
[    0.000000] e820: [mem 0x40000000-0xfebfffff] available for PCI devices
[    0.000000] Booting paravirtualized kernel on KVM
[    0.000000] clocksource: refined-jiffies: mask: 0xffffffff max_cycles: 0xffffffff, max_idle_ns: 7645519600211568 ns
[    0.000000] setup_percpu: NR_CPUS:8192 nr_cpumask_bits:1 nr_cpu_ids:1 nr_node_ids:1
[    0.000000] percpu: Embedded 50 pages/cpu s167936 r8192 d28672 u2097152
[    0.000000] PV qspinlock hash table entries: 256 (order: 0, 4096 bytes)
[    0.000000] Built 1 zonelists, mobility grouping on.  Total pages: 257913
[    0.000000] Policy zone: DMA32
[    0.000000] Kernel command line: BOOT_IMAGE=/boot/vmlinuz-4.15.0-212-generic root=LABEL=cloudimg-rootfs ro console=tty1 console=ttyS0
[    0.000000] Memory: 982844K/1048120K available (12300K kernel code, 2477K rwdata, 4324K rodata, 2480K init, 2720K bss, 65276K reserved, 0K cma-reserved)
[    0.000000] SLUB: HWalign=64, Order=0-3, MinObjects=0, CPUs=1, Nodes=1
[    0.000000] Kernel/User page tables isolation: enabled
[    0.000000] ftrace: allocating 39508 entries in 155 pages
[    0.004000] Hierarchical RCU implementation.
[    0.004000] 	RCU restricting CPUs from NR_CPUS=8192 to nr_cpu_ids=1.
[    0.004000] 	Tasks RCU enabled.
[    0.004000] RCU: Adjusting geometry for rcu_fanout_leaf=16, nr_cpu_ids=1
[    0.004000] NR_IRQS: 524544, nr_irqs: 256, preallocated irqs: 16
[    0.004000] random: crng init done
[    0.004000] Console: colour VGA+ 80x25
[    0.004000] console [tty1] enabled
[    0.004000] console [ttyS0] enabled
[    0.004000] ACPI: Core revision 20170831
[    0.004000] ACPI: 2 ACPI AML tables successfully acquired and loaded
[    0.004000] APIC: Switch to symmetric I/O mode setup
[    0.004000] x2apic enabled
[    0.004017] Switched APIC routing to physical x2apic.
[    0.012000] ..TIMER: vector=0x30 apic1=0 pin1=2 apic2=-1 pin2=-1
[    0.012003] tsc: Detected 2888.454 MHz processor
[    0.016000] Calibrating delay loop (skipped) preset value.. 5776.90 BogoMIPS (lpj=11553816)
[    0.016006] pid_max: default: 32768 minimum: 301
[    0.020026] Security Framework initialized
[    0.024004] Yama: becoming mindful.
[    0.028020] AppArmor: AppArmor initialized
[    0.032623] Dentry cache hash table entries: 131072 (order: 8, 1048576 bytes)
[    0.036061] Inode-cache hash table entries: 65536 (order: 7, 524288 bytes)
[    0.040021] Mount-cache hash table entries: 2048 (order: 2, 16384 bytes)
[    0.044004] Mountpoint-cache hash table entries: 2048 (order: 2, 16384 bytes)
[    0.049186] Last level iTLB entries: 4KB 64, 2MB 8, 4MB 8
[    0.052001] Last level dTLB entries: 4KB 64, 2MB 0, 4MB 0, 1GB 4
[    0.056015] Spectre V1 : Mitigation: usercopy/swapgs barriers and __user pointer sanitization
[    0.060011] Spectre V2 : Mitigation: Retpolines
[    0.064003] Spectre V2 : Spectre v2 / SpectreRSB mitigation: Filling RSB on context switch
[    0.068003] Spectre V2 : Spectre v2 / SpectreRSB : Filling RSB on VMEXIT
[    0.072002] RETBleed: WARNING: Spectre v2 mitigation leaves CPU vulnerable to RETBleed attacks, data leaks possible!
[    0.076002] RETBleed: Vulnerable
[    0.080005] Speculative Store Bypass: Vulnerable
[    0.084062] MDS: Mitigation: Clear CPU buffers
[    0.088007] MMIO Stale Data: Mitigation: Clear CPU buffers
[    0.092016] SRBDS: Unknown: Dependent on hypervisor status
[    0.100000] Freeing SMP alternatives memory: 36K
[    0.212005] APIC calibration not consistent with PM-Timer: 105ms instead of 100ms
[    0.216000] APIC delta adjusted to PM-Timer: 6370355 (6750384)
[    0.216289] smpboot: CPU0: Intel(R) Core(TM) i7-10700 CPU @ 2.90GHz (family: 0x6, model: 0xa5, stepping: 0x5)
[    0.220189] Performance Events: unsupported p6 CPU model 165 no PMU driver, software events only.
[    0.224144] Hierarchical SRCU implementation.
[    0.228718] NMI watchdog: Perf event create on CPU 0 failed with -2
[    0.232004] NMI watchdog: Perf NMI watchdog permanently disabled
[    0.236073] smp: Bringing up secondary CPUs ...
[    0.240002] smp: Brought up 1 node, 1 CPU
[    0.244002] smpboot: Max logical packages: 1
[    0.248004] smpboot: Total of 1 processors activated (5776.90 BogoMIPS)
[    0.252349] devtmpfs: initialized
[    0.256070] x86/mm: Memory block size: 128MB
[    0.260264] evm: security.selinux
[    0.264003] evm: security.SMACK64
[    0.268002] evm: security.SMACK64EXEC
[    0.272001] evm: security.SMACK64TRANSMUTE
[    0.276003] evm: security.SMACK64MMAP
[    0.280001] evm: security.apparmor
[    0.284003] evm: security.ima
[    0.288004] evm: security.capability
[    0.292252] clocksource: jiffies: mask: 0xffffffff max_cycles: 0xffffffff, max_idle_ns: 7645041785100000 ns
[    0.296015] futex hash table entries: 256 (order: 2, 16384 bytes)
[    0.300109] pinctrl core: initialized pinctrl subsystem
[    0.304251] RTC time: 10:17:18, date: 09/10/25
[    0.308130] NET: Registered protocol family 16
[    0.312085] audit: initializing netlink subsys (disabled)
[    0.316191] cpuidle: using governor ladder
[    0.320016] audit: type=2000 audit(1757499443.614:1): state=initialized audit_enabled=0 res=1
[    0.324004] cpuidle: using governor menu
[    0.328222] ACPI: bus type PCI registered
[    0.332002] acpiphp: ACPI Hot Plug PCI Controller Driver version: 0.5
[    0.336326] PCI: Using configuration type 1 for base access
[    0.341465] HugeTLB registered 2.00 MiB page size, pre-allocated 0 pages
[    0.344609] ACPI: Added _OSI(Module Device)
[    0.348003] ACPI: Added _OSI(Processor Device)
[    0.352004] ACPI: Added _OSI(3.0 _SCP Extensions)
[    0.356002] ACPI: Added _OSI(Processor Aggregator Device)
[    0.360000] ACPI: Added _OSI(Linux-Dell-Video)
[    0.360012] ACPI: Added _OSI(Linux-Lenovo-NV-HDMI-Audio)
[    0.364003] ACPI: Added _OSI(Linux-HPI-Hybrid-Graphics)
[    0.372189] ACPI: Executed 1 blocks of module-level executable AML code
[    0.385702] ACPI: Interpreter enabled
[    0.388010] ACPI: (supports S0 S5)
[    0.392003] ACPI: Using IOAPIC for interrupt routing
[    0.396718] PCI: Using host bridge windows from ACPI; if necessary, use "pci=nocrs" and report a bug
[    0.400696] ACPI: Enabled 2 GPEs in block 00 to 07
[    0.416113] ACPI: PCI Root Bridge [PCI0] (domain 0000 [bus 00-ff])
[    0.420005] acpi PNP0A03:00: _OSC: OS supports [ASPM ClockPM Segments MSI]
[    0.424730] acpi PNP0A03:00: _OSC: not requesting OS control; OS requires [ExtendedConfig ASPM ClockPM MSI]
[    0.428015] acpi PNP0A03:00: fail to add MMCONFIG information, can't access extended PCI configuration space under this bridge.
[    0.436779] PCI host bridge to bus 0000:00
[    0.440007] pci_bus 0000:00: root bus resource [io  0x0000-0x0cf7 window]
[    0.444005] pci_bus 0000:00: root bus resource [io  0x0d00-0xffff window]
[    0.448004] pci_bus 0000:00: root bus resource [mem 0x000a0000-0x000bffff window]
[    0.452012] pci_bus 0000:00: root bus resource [mem 0x40000000-0xfdffffff window]
[    0.456007] pci_bus 0000:00: root bus resource [bus 00-ff]
[    0.467662] pci 0000:00:01.1: legacy IDE quirk: reg 0x10: [io  0x01f0-0x01f7]
[    0.468002] pci 0000:00:01.1: legacy IDE quirk: reg 0x14: [io  0x03f6]
[    0.472003] pci 0000:00:01.1: legacy IDE quirk: reg 0x18: [io  0x0170-0x0177]
[    0.476009] pci 0000:00:01.1: legacy IDE quirk: reg 0x1c: [io  0x0376]
[    0.520000] pci 0000:00:07.0: quirk: [io  0x4000-0x403f] claimed by PIIX4 ACPI
[    0.520039] pci 0000:00:07.0: quirk: [io  0x4100-0x410f] claimed by PIIX4 SMB
[    0.566703] ACPI: PCI Interrupt Link [LNKA] (IRQs 5 9 10 *11)
[    0.568514] ACPI: PCI Interrupt Link [LNKB] (IRQs 5 9 *10 11)
[    0.576369] ACPI: PCI Interrupt Link [LNKC] (IRQs 5 *9 10 11)
[    0.580457] ACPI: PCI Interrupt Link [LNKD] (IRQs 5 9 10 *11)
[    0.584967] SCSI subsystem initialized
[    0.588224] pci 0000:00:02.0: vgaarb: setting as boot VGA device
[    0.592000] pci 0000:00:02.0: vgaarb: VGA device added: decodes=io+mem,owns=io+mem,locks=none
[    0.592006] pci 0000:00:02.0: vgaarb: bridge control possible
[    0.596003] vgaarb: loaded
[    0.600074] ACPI: bus type USB registered
[    0.604089] usbcore: registered new interface driver usbfs
[    0.608016] usbcore: registered new interface driver hub
[    0.612096] usbcore: registered new device driver usb
[    0.616196] EDAC MC: Ver: 3.0.0
[    0.625058] PCI: Using ACPI for IRQ routing
[    0.633321] NetLabel: Initializing
[    0.636003] NetLabel:  domain hash size = 128
[    0.640001] NetLabel:  protocols = UNLABELED CIPSOv4 CALIPSO
[    0.644051] NetLabel:  unlabeled traffic allowed by default
[    0.648263] clocksource: Switched to clocksource kvm-clock
[    0.657106] VFS: Disk quotas dquot_6.6.0
[    0.675584] VFS: Dquot-cache hash table entries: 512 (order 0, 4096 bytes)
[    0.682609] AppArmor: AppArmor Filesystem Enabled
[    0.687059] pnp: PnP ACPI init
[    0.694797] pnp: PnP ACPI: found 3 devices
[    0.705007] clocksource: acpi_pm: mask: 0xffffff max_cycles: 0xffffff, max_idle_ns: 2085701024 ns
[    0.713431] NET: Registered protocol family 2
[    0.717638] IP idents hash table entries: 16384 (order: 5, 131072 bytes)
[    0.723747] TCP established hash table entries: 8192 (order: 4, 65536 bytes)
[    0.732971] TCP bind hash table entries: 8192 (order: 5, 131072 bytes)
[    0.741086] TCP: Hash tables configured (established 8192 bind 8192)
[    0.744975] UDP hash table entries: 512 (order: 2, 16384 bytes)
[    0.752932] UDP-Lite hash table entries: 512 (order: 2, 16384 bytes)
[    0.761450] NET: Registered protocol family 1
[    0.765400] pci 0000:00:00.0: Limiting direct PCI/PCI transfers
[    0.771488] pci 0000:00:01.0: Activating ISA DMA hang workarounds
[    0.779899] pci 0000:00:02.0: Video device with shadowed ROM at [mem 0x000c0000-0x000dffff]
[    0.787600] Unpacking initramfs...
[    0.991414] Freeing initrd memory: 19528K
[    1.194766] clocksource: tsc: mask: 0xffffffffffffffff max_cycles: 0x29a2a84ce4c, max_idle_ns: 440795343473 ns
[    1.203309] platform rtc_cmos: registered platform RTC device (no PNP device found)
[    1.209791] Scanning for low memory corruption every 60 seconds
[    1.219238] Initialise system trusted keyrings
[    1.223706] Key type blacklist registered
[    1.229219] workingset: timestamp_bits=36 max_order=18 bucket_order=0
[    1.236589] zbud: loaded
[    1.240129] squashfs: version 4.0 (2009/01/31) Phillip Lougher
[    1.247749] fuse init (API version 7.26)
[    1.252388] Key type asymmetric registered
[    1.256275] Asymmetric key parser 'x509' registered
[    1.262727] Block layer SCSI generic (bsg) driver version 0.4 loaded (major 246)
[    1.269377] io scheduler noop registered
[    1.272772] io scheduler deadline registered
[    1.278201] io scheduler cfq registered (default)
[    1.282616] ACPI: AC Adapter [AC] (on-line)
[    1.286335] input: Power Button as /devices/LNXSYSTM:00/LNXPWRBN:00/input/input0
[    1.292445] ACPI: Power Button [PWRF]
[    1.298570] input: Sleep Button as /devices/LNXSYSTM:00/LNXSLPBN:00/input/input1
[    1.305859] ACPI: Sleep Button [SLPF]
[    1.312189] Serial: 8250/16550 driver, 32 ports, IRQ sharing enabled
[    1.343662] 00:02: ttyS0 at /O 0xf irq =4, basebaud = 15200)is a 16550A
[    1.434885] Linux agpgart interface v0.103
[    1.440389] loop: module loaded
[    1.445929] scsi host0: ata_piix
[    1.449345] scsi host1: ata_piix
[    1.452675] ata1: PATA max UDMA/33 cmd 0x1f0 ctl 0x3f6 bmdma 0xd000 irq 14
[    1.458341] ata2: PATA max UDMA/33 cmd 0x170 ctl 0x376 bmdma 0xd008 irq 15
[    1.466891] tun: Universal TUN/TAP device driver, 1.6
[    1.472061] PPP generic driver version 2.4.2
[    1.475875] ehci_hcd: USB 2.0 'Enhanced' Host Controller (EHCI) Driver
[    1.483467] ehci-pci: EHCI PCI platform driver
[    1.488374] ehci-platform: EHCI generic platform driver
[    1.492965] ohci_hcd: USB 1.1 'Open' Host Controller (OHCI) Driver
[    1.498759] ohci-pci: OHCI PCI platform driver
[    1.502663] ohci-platform: OHCI generic platform driver
[    1.508984] uhci_hcd: USB Universal Host Controller Interface driver
[    1.514217] i8042: PNP: PS/2 Controller [PNP0303:PS2K,PNP0f03:PS2M] at 0x60,0x64 irq 1,12
[    1.522339] serio: i8042 KBD port at 0x60,0x64 irq 1
[    1.530882] serio: i8042 AUX port at 0x60,0x64 irq 12
[    1.535698] mousedev: PS/2 mouse device common for all mice
[    1.544851] input: AT Translated Set 2 keyboard as /devices/platform/i8042/serio0/input/input2
[    1.556781] rtc_cmos rtc_cmos: rtc core: registered rtc_cmos as rtc0
[    1.565009] rtc_cmos rtc_cmos: alarms up to one day, 114 bytes nvram
[    1.572409] i2c /dev entries driver
[    1.576100] device-mapper: uevent: version 1.0.3
[    1.583237] device-mapper: ioctl: 4.37.0-ioctl (2017-09-20) initialised: dm-devel@redhat.com
[    1.591363] ledtrig-cpu: registered to indicate activity on CPUs
[    1.599186] NET: Registered protocol family 10
[    1.607701] Segment Routing with IPv6
[    1.613493] NET: Registered protocol family 17
[    1.618362] Key type dns_resolver registered
[    1.622574] mce: Using 0 MCE banks
[    1.629794] RAS: Correctable Errors collector initialized.
[    1.657428] sched_clock: Marking stable (1653428457, 0)->(2602874284, -949445827)
[    1.681001] registered taskstats version 1
[    1.685370] Loading compiled-in X.509 certificates
[    1.693679] Loaded X.509 cert 'Build time autogenerated kernel key: b5b26778eaa3ab3a4a6cee031137706e947d12ad'
[    1.705457] Loaded X.509 cert 'Canonical Ltd. Live Patch Signing: 14df34d1a87cf37625abec039ef2bf521249b969'
[    1.714584] Loaded X.509 cert 'Canonical Ltd. Kernel Module Signing: 88f752e560a1e0737e31163a466ad7b70a850c19'
[    1.728850] blacklist: Loading compiled-in revocation X.509 certificates
[    1.739252] Loaded X.509 cert 'Canonical Ltd. Secure Boot Signing: 61482aa2830d0ab2ad5af10b7250da9033ddcef0'
[    1.752574] Loaded X.509 cert 'Canonical Ltd. Secure Boot Signing (2017): 242ade75ac4a15e50d50c84b0d45ff3eae707a03'
[    1.764535] Loaded X.509 cert 'Canonical Ltd. Secure Boot Signing (ESM 2018): 365188c1d374d6b07c3c8f240f8ef722433d6a8b'
[    1.779113] Loaded X.509 cert 'Canonical Ltd. Secure Boot Signing (2019): c0746fd6c5da3ae827864651ad66ae47fe24b3e8'
[    1.793708] Loaded X.509 cert 'Canonical Ltd. Secure Boot Signing (2021 v1): a8d54bbb3825cfb94fa13c9f8a594a195c107b8d'
[    1.807159] Loaded X.509 cert 'Canonical Ltd. Secure Boot Signing (2021 v2): 4cf046892d6fd3c9a5b03f98d845f90851dc6a8c'
[    1.819483] Loaded X.509 cert 'Canonical Ltd. Secure Boot Signing (2021 v3): 100437bb6de6e469b581e61cd66bce3ef4ed53af'
[    1.828409] Loaded X.509 cert 'Canonical Ltd. Secure Boot Signing (Ubuntu Core 2019): c1d57b8f6b743f23ee41f4f7ee292f06eecadfb9'
[    1.840428] zswap: loaded using pool lzo/zbud
[    1.854134] Key type big_key registered
[    1.858617] Key type trusted registered
[    1.864459] Key type encrypted registered
[    1.870466] AppArmor: AppArmor sha1 policy hashing enabled
[    1.878016] ima: No TPM chip found, activating TPM-bypass! (rc=-19)
[    1.886004] ima: Allocated hash algorithm: sha1
[    1.890617] evm: HMAC attrs: 0x1
[    1.893931]   Magic number: 9:548:274
[    1.897333] tty tty11: hash matches
[    1.900643] rtc_cmos rtc_cmos: setting system clock to 2025-09-10 10:17:20 UTC (1757499440)
[    1.910953] BIOS EDD facility v0.16 2004-Jun-25, 0 devices found
[    1.916636] EDD information not available.
[    1.927521] Freeing unused kernel image memory: 2480K
[    1.936067] Write protecting the kernel read-only data: 20480k
[    1.942964] Freeing unused kernel image memory: 2008K
[    1.947754] Freeing unused kernel image memory: 1820K
[    1.964571] x86/mm: Checked W+X mappings: passed, no W+X pages found.
[    1.969876] x86/mm: Checking user space page tables
[    1.990201] x86/mm: Checked W+X mappings: passed, no W+X pages found.
Loading, please wait...
starting version 237
[    2.227217] e1000: Intel(R) PRO/1000 Network Driver - version 7.3.21-k8-NAPI
[    2.233366] e1000: Copyright (c) 1999-2006 Intel Corporation.
[    2.246059] Fusion MPT base driver 3.04.20
[    2.249928] Copyright (c) 1999-2008 LSI Corporation
[    2.283236] AVX2 version of gcm_enc/dec engaged.
[    2.287380] AES CTR mode by8 optimization enabled
[    2.334057] Fusion MPT SPI Host driver 3.04.20
[    2.476526] input: ImExPS/2 Generic Explorer Mouse as /devices/platform/i8042/serio1/input/input4
[    2.983312] e1000 0000:00:03.0 eth0: (PCI:33MHz:32-bit) 02:3b:7b:b7:3b:2d
[    2.988222] e1000 0000:00:03.0 eth0: Intel(R) PRO/1000 Network Connection
[    2.995994] mptbase: ioc0: Initiating bringup
[    3.109117] ioc0: LSI53C1030 A0: Capabilities={Initiator}
[    3.355773] scsi host2: ioc0: LSI53C1030 A0, FwRev=00000000h, Ports=1, MaxQ=256, IRQ=20
[    3.533008] scsi 2:0:0:0: Direct-Access     VBOX     HARDDISK         1.0  PQ: 0 ANSI: 5
[    3.543911] scsi target2:0:0: Beginning Domain Validation
[    3.551064] scsi target2:0:0: Domain Validation skipping write tests
[    3.556929] scsi target2:0:0: Ending Domain Validation
[    3.561210] scsi target2:0:0: asynchronous
[    3.565408] scsi 2:0:1:0: Direct-Access     VBOX     HARDDISK         1.0  PQ: 0 ANSI: 5
[    3.573255] scsi target2:0:1: Beginning Domain Validation
[    3.640280] scsi target2:0:1: Domain Validation skipping write tests
[    3.649927] scsi target2:0:1: Ending Domain Validation
[    3.669288] scsi target2:0:1: asynchronous
[    3.762730] sd 2:0:0:0: [sda] 83886080 512-byte logical blocks: (42.9 GB/40.0 GiB)
[    3.772902] sd 2:0:0:0: Attached scsi generic sg0 type 0
[    3.788376] sd 2:0:0:0: [sda] Write Protect is off
[    3.795721] sd 2:0:1:0: [sdb] 20480 512-byte logical blocks: (10.5 MB/10.0 MiB)
[    3.805317] sd 2:0:1:0: Attached scsi generic sg1 type 0
[    3.820564] sd 2:0:1:0: [sdb] Write Protect is off
[    3.827198] sd 2:0:0:0: [sda] Incomplete mode parameter data
[    3.833959] sd 2:0:0:0: [sda] Assuming drive cache: write through
[    3.857702] sd 2:0:1:0: [sdb] Incomplete mode parameter data
[    3.864977] sd 2:0:1:0: [sdb] Assuming drive cache: write through
[    3.890039]  sda: sda1
[    3.898142] sd 2:0:1:0: [sdb] Attached SCSI disk
[    3.904357] sd 2:0:0:0: [sda] Attached SCSI disk
[    4.353151] e1000 0000:00:08.0 eth1: (PCI:33MHz:32-bit) 08:00:27:09:a4:29
[    4.361272] e1000 0000:00:08.0 eth1: Intel(R) PRO/1000 Network Connection
[    4.370355] e1000 0000:00:08.0 enp0s8: renamed from eth1
[    4.539987] e1000 0000:00:03.0 enp0s3: renamed from eth0
Begin: Loading essential drivers ... [    7.561505] raid6: sse2x1   gen() 29637 MB/s
[    8.569610] raid6: sse2x1   xor() 120215 MB/s
[    8.774975] raid6: sse2x2   gen() 11477 MB/s
[    9.459482] raid6: sse2x2   xor() 17670 MB/s
[   10.289992] raid6: sse2x4   gen() 214893 MB/s
[   10.463954] raid6: sse2x4   xor() 17426 MB/s
[   10.581044] raid6: avx2x1   gen() 26727 MB/s
[   11.064134] raid6: avx2x1   xor() 72424 MB/s
[   11.316787] raid6: avx2x2   gen() 92582 MB/s
[   11.584777] raid6: avx2x2   xor() 74348 MB/s
[   11.856809] raid6: avx2x4   gen() 37717 MB/s
[   12.589244] raid6: avx2x4   xor() 18904 MB/s
[   12.594620] raid6: using algorithm sse2x4 gen() 214893 MB/s
[   12.600327] raid6: .... xor() 17426 MB/s, rmw enabled
[   12.606001] raid6: using avx2x2 recovery algorithm
[   12.612698] xor: automatically using best checksumming function   avx       
[   12.621867] async_tx: api initialized (async)
done.
Begin: Running /scripts/init-premount ... done.
Begin: Mounting root file system ... Begin: Running /scripts/local-top ... done.
Begin: Running /scripts/local-premount ... [   12.705675] Btrfs loaded, crc32c=crc32c-intel
Scanning for Btrfs filesystems
done.
Warning: fsck not present, so skipping root file system
[   12.772032] EXT4-fs (sda1): mounted filesystem with ordered data mode. Opts: (null)
done.
Begin: Running /scripts/local-bottom ... done.
Begin: Running /scripts/init-bottom ... done.
[   13.121194] ip_tables: (C) 2000-2006 Netfilter Core Team
[   13.145578] systemd[1]: systemd 237 running in system mode. (+PAM +AUDIT +SELINUX +IMA +APPARMOR +SMACK +SYSVINIT +UTMP +LIBCRYPTSETUP +GCRYPT +GNUTLS +ACL +XZ +LZ4 +SECCOMP +BLKID +ELFUTILS +KMOD -IDN2 +IDN -PCRE2 default-hierarchy=hybrid)
[   13.161520] systemd[1]: Detected virtualization oracle.
[   13.165572] systemd[1]: Detected architecture x86-64.

Welcome to [1mUbuntu 18.04.6 LTS[0m!

[   13.176340] systemd[1]: Set hostname to <ubuntu>.
[   13.185968] systemd[1]: Initializing machine ID from random generator.
[   13.191383] systemd[1]: Installed transient /etc/machine-id file.
[   13.715319] systemd[1]: Reached target User and Group Name Lookups.
[[0;32m  OK  [0m] Reached target User and Group Name Lookups.
[   13.736287] systemd[1]: Reached target System Time Synchronized.
[[0;32m  OK  [0m] Reached target System Time Synchronized.
[   13.749275] systemd[1]: Reached target Mounting snaps.
[[0;32m  OK  [0m] Reached target Mounting snaps.
[   13.758064] systemd[1]: Created slice User and Session Slice.
[[0;32m  OK  [0m] Created slice User and Session Slice.
[[0;32m  OK  [0m] Reached target Mounted snaps.
[[0;32m  OK  [0m] Set up automount Arbitrary Executab…rmats File System Automount Point.
[[0;32m  OK  [0m] Created slice System Slice.
[[0;32m  OK  [0m] Listening on Device-mapper event daemon FIFOs.
[[0;32m  OK  [0m] Reached target Slices.
[[0;32m  OK  [0m] Listening on LVM2 metadata daemon socket.
[[0;32m  OK  [0m] Listening on Journal Socket.
         Mounting Kernel Debug File System...
         Starting Uncomplicated firewall...
         Starting Monitoring of LVM2 mirrors…ng dmeventd or progress polling...
         Starting Load Kernel Modules...
[[0;32m  OK  [0m] Listening on fsck to fsckd communication Socket.
         Mounting Huge Pages File System...
         Mounting POSIX Message Queue File System...
[[0;32m  OK  [0m] Listening on Network Service Netlink Socket.
         Starting Set the console keyboard layout...
[[0;32m  OK  [0m] Listening on /dev/initctl Compatibility Named Pipe.
[[0;32m  OK  [0m] Listening on Journal Socket (/dev/log).
[[0;32m  OK  [0m] Started Forward Password Requests to Wall Directory Watch.
[   13.876699] Loading iSCSI transport class v2.0-870.
[   13.886534] iscsi: registered transport (tcp)
[   13.912219] iscsi: registered transport (iser)
[[0;32m  OK  [0m] Listening on LVM2 poll daemon socket.
[[0;32m  OK  [0m] Listening on udev Control Socket.
[[0;32m  OK  [0m] Listening on Syslog Socket.
[[0;32m  OK  [0m] Listening on udev Kernel Socket.
         Starting udev Coldplug all Devices...
[[0;32m  OK  [0m] Listening on Journal Audit Socket.
[[0;32m  OK  [0m] Reached target Swap.
         Starting Journal Service...
[[0;32m  OK  [0m] Created slice system-serial\x2dgetty.slice.
         Starting Create list of required st…ce nodes for the current kernel...
         Starting File System Check on Root Device...
[[0;32m  OK  [0m] Mounted Kernel Debug File System.
[[0;32m  OK  [0m] Started Uncomplicated firewall.
[[0;32m  OK  [0m] Started Load Kernel Modules.
[[0;32m  OK  [0m] Mounted Huge Pages File System.
[[0;32m  OK  [0m] Mounted POSIX Message Queue File System.
[[0;32m  OK  [0m] Started LVM2 metadata daemon.
         Mounting FUSE Control File System...
         Starting Apply Kernel Variables...
         Mounting Kernel Configuration File System...
[[0;32m  OK  [0m] Mounted FUSE Control File System.
[[0;32m  OK  [0m] Mounted Kernel Configuration File System.
[[0;32m  OK  [0m] Started Journal Service.
[[0;32m  OK  [0m] Started Create list of required sta…vice nodes for the current kernel.
[[0;32m  OK  [0m] Started udev Coldplug all Devices.
[[0;32m  OK  [0m] Started File System Check Daemon to report status.
         Starting Create Static Device Nodes in /dev...
[[0;32m  OK  [0m] Started Apply Kernel Variables.
[[0;32m  OK  [0m] Started Monitoring of LVM2 mirrors,…sing dmeventd or progress polling.
[[0;32m  OK  [0m] Started File System Check on Root Device.
         Starting Remount Root and Kernel File Systems...
[[0;32m  OK  [0m] Started Create Static Device Nodes in /dev.
[[0;32m  OK  [0m] Started Remount Root and Kernel File Systems.
         Starting udev Kernel Device Manager...
         Starting Load/Save Random Seed...
         Starting Flush Journal to Persistent Storage...
[[0;32m  OK  [0m] Started Load/Save Random Seed.
[[0;32m  OK  [0m] Started udev Kernel Device Manager.
[[0;32m  OK  [0m] Started Flush Journal to Persistent Storage.
[[0;32m  OK  [0m] Found device /dev/ttyS0.
[[0;32m  OK  [0m] Listening on Load/Save RF Kill Switch Status /dev/rfkill Watch.
         Mounting Arbitrary Executable File Formats File System...
[[0;32m  OK  [0m] Mounted Arbitrary Executable File Formats File System.
[[0;32m  OK  [0m] Started Set the console keyboard layout.
[[0;32m  OK  [0m] Reached target Local File Systems (Pre).
[[0;32m  OK  [0m] Reached target Local File Systems.
         Starting Create Volatile Files and Directories...
         Starting Tell Plymouth To Write Out Runtime Data...
         Starting Commit a transient machine-id on disk...
         Starting AppArmor initialization...
         Starting Set console font and keymap...
         Starting ebtables ruleset management...
[[0;32m  OK  [0m] Started Dispatch Password Requests to Console Directory Watch.
[[0;32m  OK  [0m] Reached target Local Encrypted Volumes.
[[0;32m  OK  [0m] Started Create Volatile Files and Directories.
[[0;32m  OK  [0m] Started Tell Plymouth To Write Out Runtime Data.
         Starting Update UTMP about System Boot/Shutdown...
[[0;32m  OK  [0m] Started Commit a transient machine-id on disk.
[[0;32m  OK  [0m] Started Update UTMP about System Boot/Shutdown.
[[0;32m  OK  [0m] Started ebtables ruleset management.
[[0;32m  OK  [0m] Started AppArmor initialization.
         Starting Load AppArmor profiles managed internally by snapd...
         Starting Initial cloud-init job (pre-networking)...
[[0;32m  OK  [0m] Started Load AppArmor profiles managed internally by snapd.
[[0;32m  OK  [0m] Started Set console font and keymap.
[   21.759274] cloud-init[809]: Cloud-init v. 23.1.2-0ubuntu0~18.04.1 running 'init-local' at Wed, 10 Sep 2025 10:17:39 +0000. Up 21.37 seconds.
[[0;32m  OK  [0m] Started Initial cloud-init job (pre-networking).
[[0;32m  OK  [0m] Reached target Network (Pre).
         Starting Network Service...
[[0;32m  OK  [0m] Started Network Service.
         Starting Wait for Network to be Configured...
         Starting Network Name Resolution...
[[0;32m  OK  [0m] Started Network Name Resolution.
[[0;32m  OK  [0m] Reached target Host and Network Name Lookups.
[[0;32m  OK  [0m] Reached target Network.
[[0;32m  OK  [0m] Started Wait for Network to be Configured.
         Starting Initial cloud-init job (metadata service crawler)...
[   24.168600] cloud-init[946]: Cloud-init v. 23.1.2-0ubuntu0~18.04.1 running 'init' at Wed, 10 Sep 2025 10:17:42 +0000. Up 24.00 seconds.
[   24.179399] cloud-init[946]: ci-info: ++++++++++++++++++++++++++++++++++++++Net device info+++++++++++++++++++++++++++++++++++++++
[   24.191644] cloud-init[946]: ci-info: +--------+-------+----------------------------+---------------+--------+-------------------+
[   24.203391] cloud-init[946]: ci-info: | Device |   Up  |          Address           |      Mask     | Scope  |     Hw-Address    |
[   24.215246] cloud-init[946]: ci-info: +--------+-------+----------------------------+---------------+--------+-------------------+
[   24.229378] cloud-init[946]: ci-info: | enp0s3 |  True |         10.0.2.15          | 255.255.255.0 | global | 02:3b:7b:b7:3b:2d |
[   24.235150] cloud-init[946]: ci-info: | enp0s3 |  True | fe80::3b:7bff:feb7:3b2d/64 |       .       |  link  | 02:3b:7b:b7:3b:2d |
[   24.248630] cloud-init[946]: ci-info: | enp0s8 | False |             .              |       .       |   .    | 08:00:27:09:a4:29 |
[   24.259049] cloud-init[946]: ci-info: |   lo   |  True |         127.0.0.1          |   255.0.0.0   |  host  |         .         |
[   24.278008] cloud-init[946]: ci-info: |   lo   |  True |          ::1/128           |       .       |  host  |         .         |
[   24.282863] cloud-init[946]: ci-info: +--------+-------+----------------------------+---------------+--------+-------------------+
[   24.290588] cloud-init[946]: ci-info: ++++++++++++++++++++++++++++Route IPv4 info+++++++++++++++++++++++++++++
[   24.300581] cloud-init[946]: ci-info: +-------+-------------+----------+-----------------+-----------+-------+
[   24.308282] cloud-init[946]: ci-info: | Route | Destination | Gateway  |     Genmask     | Interface | Flags |
[   24.315098] cloud-init[946]: ci-info: +-------+-------------+----------+-----------------+-----------+-------+
[   24.323607] cloud-init[946]: ci-info: |   0   |   0.0.0.0   | 10.0.2.2 |     0.0.0.0     |   enp0s3  |   UG  |
[   24.331554] cloud-init[946]: ci-info: |   1   |   10.0.2.0  | 0.0.0.0  |  255.255.255.0  |   enp0s3  |   U   |
[   24.340240] cloud-init[946]: ci-info: |   2   |   10.0.2.2  | 0.0.0.0  | 255.255.255.255 |   enp0s3  |   UH  |
[   24.349811] cloud-init[946]: ci-info: +-------+-------------+----------+-----------------+-----------+-------+
[   24.362855] cloud-init[946]: ci-info: +++++++++++++++++++Route IPv6 info+++++++++++++++++++
[   24.376455] cloud-init[946]: ci-info: +-------+-------------+---------+-----------+-------+
[   24.383623] cloud-init[946]: ci-info: | Route | Destination | Gateway | Interface | Flags |
[   24.390718] cloud-init[946]: ci-info: +-------+-------------+---------+-----------+-------+
[   24.397900] cloud-init[946]: ci-info: |   1   |  fe80::/64  |    ::   |   enp0s3  |   U   |
[   24.404948] cloud-init[946]: ci-info: |   3   |    local    |    ::   |   enp0s3  |   U   |
[   24.412188] cloud-init[946]: ci-info: |   4   |   ff00::/8  |    ::   |   enp0s3  |   U   |
[   24.419447] cloud-init[946]: ci-info: +-------+-------------+---------+-----------+-------+
[   25.573464] cloud-init[946]: Generating public/private rsa key pair.
[   25.620721] cloud-init[946]: Your identification has been saved in /etc/ssh/ssh_host_rsa_key.
[   25.626781] cloud-init[946]: Your public key has been saved in /etc/ssh/ssh_host_rsa_key.pub.
[   25.632420] cloud-init[946]: The key fingerprint is:
[[0;32m  OK  [0m] Started Initial cloud-init job (metadata service crawler).
[[0;32m  OK  [0m] Reached target Cloud-config availability.[   25.639711] 
[[0;32m  OK  [0m] cloud-init[946]: SHA256:3G1zg4JDsb5wEH4T7G0rCp2GjSPTqfx1Bq9z+8P9rc0 root@ubuntu-bionicReached target Network is Online.
[[0;32m  OK  [0m] Reached target Remote File Systems (Pre).
[
[   25.686012] cloud-init[0;32m  OK  [0m] Reached target Remote File Systems.[946]: The key's randomart image is:

         Starting Availability of block devices...[   25.701402] cloud-init[946]: +---[RSA 2048]----+
[[0;32m  OK  [0m] Reached target System Initialization.
[[0;32m  OK  [0m
[   25.718430] cloud-init] Started Daily apt download activities.
[[0;32m  OK  [0m] Started Discard unused blocks once a week.[946]: |      ..o        |
[[0;32m  OK  [0m] Started Daily apt upgrade and clean activities.
[   25.739503] cloud-init[946]: |     . ..+       |
[   25.744253] 
         Starting Socket activation for snappy daemon.cloud-init[946]: |      o.=.       |
[[0;32m  OK  [0m] Listening on D-Bus System Message Bus Socket.
[   25.762008] cloud-init[946]: |       *.+o. .   |
[[0;32m  OK  [0m] Listening on cloud-init hotplug hook socket.
[   25.769563] cloud-init[946]: |   . *o.S.o.= o  |

[[0;32m  OK  [0m] Started Message of the Day.
[[   25.776361] cloud-init[946]: |  o B ==.o.o o . |
[   25.779732] [0;32m  OK  [0m] Listening on Open-iSCSI iscsid Socket.
[[0;32m  OK  [0mcloud-init[946]: | . + +..=o .     |
[   25.787511] ] Listening on UUID daemon activation socket.
[[0;32m  OK  [0m] cloud-init[946]: |  o  .o+. o .  + |
[   25.795049] cloud-initStarted Daily Cleanup of Temporary Directories.
[946]: |   .. .o.o.. .o.E|
[   25.801073] [[0;32m  OK  [0m] Started ACPI Events Check.cloud-init[946]: +----[SHA256]-----+
[   25.807649] 
[[0;32m  OK  [0m] Reached target Paths.
[[0;32m  OK  [0mcloud-init[946]: Generating public/private dsa key pair.
[   25.816247] ] Started Ubuntu Advantage Timer for running repeated jobs.
[cloud-init[946]: Your identification has been saved in /etc/ssh/ssh_host_dsa_key.[0;32m  OK  [0m] Reached target Timers.
[[0;32m  OK  [0m
[   25.828910] cloud-init[946]: Your public key has been saved in /etc/ssh/ssh_host_dsa_key.pub.] Listening on ACPID Listen Socket.

[   25.836398]          Starting LXD - unix socket.
cloud-init[946]: The key fingerprint is:
[   25.842865] cloud-init[946]: [[0;32m  OK  [0m] Started Availability of block devices.
[[0;32m  OK  [0m] Listening on Socket activation for snappy daemon.
[[0;32m  OK  [0mSHA256:reqtXEuHwHm9SU0louMSh0W/6FE4R26A5KgNF9f+4aA root@ubuntu-bionic] Listening on LXD - unix socket.
[[0;32m  OK  [0m] Reached target Sockets.
[   25.872031] 
[[0;32m  OK  [0m] Reached target Basic System.
cloud-init[946]: The key's randomart image is:
         Starting LSB: automatic crash report generation...
[   25.884730] cloud-init[946]: +---[DSA 1024]----+
[   25.887855]          Starting LSB: Record successful boot for GRUB...
         Starting Login Service...
         Starting System Logging Service...
[[0;32m  OK  [0m] Started irqbalance daemon.
[[0;32m  OK  [0m] Started FUSE filesystem for LXC.cloud-init[946]: 
|    ..o++ o . .  |
[   25.944890] cloud-init[946]: |     =.o.B . o   |
[   25.958085] cloud-init[946]: |  . o +.* * .    |
[   25.973024] cloud-init[946]: |   = . =oX.+     |
[   25.985461] cloud-init[946]: |  . . =.S+=..    |
[   25.999263] cloud-init[946]: |      E= =oo     |
[   26.012515] cloud-init[946]: |        * +      |
[   26.019047] cloud-init[[0;32m  OK  [0m] Started Regular background program processing daemon.[946]: 
         Starting LXD - container startup/shutdown...|     . = o       |
[[0;32m  OK  [0m] Started Deferred execution scheduler.

[   26.052257] cloud-init[946]: |     .=.o        |
[   26.061666] cloud-init[946]: +----[SHA256]-----+
[   26.069477] cloud-init[946]: Generating public/private ecdsa key pair.
[   26.078779] cloud-init[946]: Your identification has been saved in /etc/ssh/ssh_host_ecdsa_key.
[   26.090863] cloud-init[946]: Your public key has been saved in /etc/ssh/ssh_host_ecdsa_key.pub.
[   26.101843] cloud-init[946]: The key fingerprint is:
[   26.111992] cloud-init[946]: SHA256:5LjUETP5vInorAWpyiemaCLdC6h550547Yu8xgr++8U root@ubuntu-bionic
[   26.124317] cloud-init[946]: The key's randomart image is:
[   26.130303] cloud-init[946]: +---[ECDSA 256]---+
[   26.138816] cloud-init[946]: |        +.       |
[   26.146019] cloud-init         Starting Pollinate to seed the pseudo random number generator...
[946]: |        .+       |
         Starting Permit User Sessions...
         [   26.167109] Starting Accounts Service...
cloud-init[946]: |        oo       |
         Starting Virtualbox guest utils...
[[0;32m  OK  [0m] Started D-Bus System Message Bus.[   26.185982] cloud-init[946]: |     . = .o      |

[   26.195217] cloud-init[946]: |    o o.S. o     |
[   26.203451] cloud-init[946]: | . o +o.. o      |
[   26.209982] cloud-init[946]: |o.+ooo+E         |
[   26.217457] cloud-init[946]: |BBo*=++          |
[   26.232928] cloud-init[946]: |%+=O@=o.         |
[   26.241403] cloud-init[946]: +----[SHA256]-----+
[   26.250965] cloud-init[946]: Generating public/private ed25519 key pair.
[   26.260390] cloud-init[946]: Your identification has been saved in /etc/ssh/ssh_host_ed25519_key.
[   26.278531] cloud-init[946]: Your public key has been saved in /etc/ssh/ssh_host_ed25519_key.pub.
[   26.290982] cloud-init[946]: The key fingerprint is:
[   26.301249] cloud-init[946]: SHA256:YFDwuJzMCVDtynk+5dANOXoTZ3U3rrw2KeP4HK5X6Lg root@ubuntu-bionic
[   26.313727] cloud-init[946]: The key's randomart image is:
[   26.318736] cloud-init[946]: +--[ED25519 256]--+
[   26.326373] cloud-init[946]: |....oo.          |
[   26.329200] cloud-init[946]: | .  .+    . . o  |
[   26.331166] cloud-init[946]: |  ... +. . . o . |
[   26.334301] cloud-init[946]: |   =.==.o     .  |
[   26.337543] cloud-init[946]: | . oBo BS  o .   |
[   26.348868] cloud-init[946]: |  + + = . . +    |
[   26.359517] cloud-init[946]: |   o = . o.. o   |
[   26.366503] cloud-init[946]: |    o . .+=.=    |
[   26.373291] cloud-init[946]: |     .  E*=+ .   |
[   26.380803] cloud-init[946]: +----[SHA256]-----+
[[0;32m  OK  [0m] Started Login Service.
[[0;32m  OK  [0m] Started Unattended Upgrades Shutdown.
[[0;32m  OK  [0m] Reached target Login Prompts (Pre).
         Starting Dispatcher daemon for systemd-networkd...
         Starting Snap Daemon...
[[0;32m  OK  [0m] Started System Logging Service.
[[0;32m  OK  [0m] Started Permit User Sessions.
         Starting Authorization Manager...
         Starting Hold until boot process finishes up...
         Starting Terminate Plymouth Boot Screen...
[[0;32m  OK  [0m] Started Hold until boot process finishes up.
[[0;32m  OK  [0m] Started Serial Getty on ttyS0.
         Starting Set console scheme...
[[0;32m  OK  [0m] Started Terminate Plymouth Boot Screen.
[[0;32m  OK  [0m] Started LSB: automatic crash report generation.
[[0;32m  OK  [0m] Started Set console scheme.
[[0;32m  OK  [0m] Created slice system-getty.slice.
[[0;32m  OK  [0m] Started Getty on tty1.
[[0;32m  OK  [0m] Reached target Login Prompts.
[[0;32m  OK  [0m] Started LSB: Record successful boot for GRUB.
[[0;32m  OK  [0m] Started Authorization Manager.
[[0;32m  OK  [0m] Started Accounts Service.
[[0;32m  OK  [0m] Started Virtualbox guest utils.
[[0;32m  OK  [0m] Started LXD - container startup/shutdown.
[[0;32m  OK  [0m] Started Dispatcher daemon for systemd-networkd.
[[0;32m  OK  [0m] Started Pollinate to seed the pseudo random number generator.
         Starting OpenBSD Secure Shell server...
[[0;32m  OK  [0m] Started OpenBSD Secure Shell server.
[[0;32m  OK  [0m] Started Snap Daemon.
         Starting Wait until snapd is fully seeded...
[[0;32m  OK  [0m] Created slice User Slice of vagrant.
         Starting User Manager for UID 1000...
[[0;32m  OK  [0m] Started Session 1 of user vagrant.
[[0;32m  OK  [0m] Started User Manager for UID 1000.
         Starting Time & Date Service...
[[0;32m  OK  [0m] Started Time & Date Service.
[[0;32m  OK  [0m] Started Wait until snapd is fully seeded.
         Starting Apply the settings specified in cloud-config...
[   33.036827] cloud-init[1508]: Cloud-init v. 23.1.2-0ubuntu0~18.04.1 running 'modules:config' at Wed, 10 Sep 2025 10:17:50 +0000. Up 31.61 seconds.
Ubuntu 18.04.6 LTS ubuntu-bionic
 ttyS0

ubuntu-bionic login: ci-info: no authorized SSH keys fingerprints found for user ubuntu.
<14>Sep 10 10:17:53 cloud-init: #############################################################
<14>Sep 10 10:17:53 cloud-init: -----BEGIN SSH HOST KEY FINGERPRINTS-----
<14>Sep 10 10:17:53 cloud-init: 1024 SHA256:reqtXEuHwHm9SU0louMSh0W/6FE4R26A5KgNF9f+4aA root@ubuntu-bionic (DSA)
<14>Sep 10 10:17:53 cloud-init: 256 SHA256:5LjUETP5vInorAWpyiemaCLdC6h550547Yu8xgr++8U root@ubuntu-bionic (ECDSA)
<14>Sep 10 10:17:53 cloud-init: 256 SHA256:YFDwuJzMCVDtynk+5dANOXoTZ3U3rrw2KeP4HK5X6Lg root@ubuntu-bionic (ED25519)
<14>Sep 10 10:17:53 cloud-init: 2048 SHA256:3G1zg4JDsb5wEH4T7G0rCp2GjSPTqfx1Bq9z+8P9rc0 root@ubuntu-bionic (RSA)
<14>Sep 10 10:17:53 cloud-init: -----END SSH HOST KEY FINGERPRINTS-----
<14>Sep 10 10:17:53 cloud-init: #############################################################
-----BEGIN SSH HOST KEY KEYS-----
ecdsa-sha2-nistp256 AAAAE2VjZHNhLXNoYTItbmlzdHAyNTYAAAAIbmlzdHAyNTYAAABBBCnSlBR/LPFkz0oQ/e6I4+YAQDfGjxnWLefIOTt00WODn0nrlp0FMwamZaHIS6WlAKGYnGr57V342EHYLzZv86Y= root@ubuntu-bionic
ssh-ed25519 AAAAC3NzaC1lZDI1NTE5AAAAIM0Pu6jmDru/KHI6lfV2UGNqDrYljysbjhKiUXVHhxaa root@ubuntu-bionic
ssh-rsa AAAAB3NzaC1yc2EAAAADAQABAAABAQD3WPvqH83A+VV3EYC2383B3VUwqpecyjUe8jOEH+YWXH6DmkVTyTGmLa6sbeOltm3xKqBJ6q3q13LqnE95eaq6PoCZ6sQL1wq8HDNI4wkRUa6rjbOXdGr46CHBNjXO1AqGmuKE3Uf8na70o1KnZgbDlhTt7VB0qj0gvWm8v5lkksDMX3GecWq26lFkFtPOqnhD+eZfALMi4OD50iwsBCeM1lsGolDa8SwRVRlMx0JeGHDg3gHcfM+yYuWUzB6AwWnrffBmD986yI6HUXPraZbFmfs0BNh9KkyoeKQegJwHVOyu4tWzaDIP37jC0Sy2hInFaj0T7yTRuAEMgxQNydpZ root@ubuntu-bionic
-----END SSH HOST KEY KEYS-----
[   34.564337] cloud-init[1621]: Cloud-init v. 23.1.2-0ubuntu0~18.04.1 running 'modules:final' at Wed, 10 Sep 2025 10:17:52 +0000. Up 34.16 seconds.
[   34.611909] cloud-init[1621]: Cloud-init v. 23.1.2-0ubuntu0~18.04.1 finished at Wed, 10 Sep 2025 10:17:53 +0000. Datasource DataSourceNoCloud [seed=/dev/sdb][dsmode=net].  Up 34.55 seconds
